<?xml version="1.0" encoding="UTF-8"?>
<!-- Generated by org.testng.reporters.JUnitReportReporter -->
<testsuite hostname="Austraxpc30" failures="0" tests="1" name="SumValidation" time="1.730" errors="0" timestamp="2024-08-29T14:35:01 IST" skipped="0">
  <testcase classname="SumValidation" name="sumOfCourses" time="1.730"/>
</testsuite> <!-- SumValidation -->
