<?xml version="1.0" encoding="UTF-8"?>
<!-- Generated by org.testng.reporters.JUnitReportReporter -->
<testsuite hostname="Austraxpc30" failures="0" tests="3" name="files.DynamicJson" time="3.088" errors="0" timestamp="2024-09-02T12:05:32 IST" skipped="0">
  <testcase classname="files.DynamicJson" name="addBook" time="2.773"/>
  <testcase classname="files.DynamicJson" name="addBook" time="0.168"/>
  <testcase classname="files.DynamicJson" name="addBook" time="0.147"/>
</testsuite> <!-- files.DynamicJson -->
